Microsoft (R) Macro Assembler Version 14.35.32216.1	    03/31/23 12:10:24
example.asm						     Page 1 - 1


				; Example assembly language program -- adds two numbers
				; Author:  R. Detmer
				; Date:    1/2008

				.586
				.MODEL FLAT

				INCLUDE io.h            ; header file for input/output
			      C ; IO.H -- header file for I/O macros (listing suppressed)
			      C .NOLIST      ; turn off listing
			      C .LIST        ; begin listing
			      C 

				.STACK 4096

 00000000			.DATA
 00000000 00000000		number1 DWORD   ?
 00000004 00000000		number2 DWORD   ?
 00000008 45 6E 74 65 72	prompt1 BYTE    "Enter Degrees in °F", 0
	   20 44 65 67 72
	   65 65 73 20 69
	   6E 20 B0 46 00
 0000001C 45 6E 74 65 72	prompt2 BYTE    "Enter second number", 0
	   20 73 65 63 6F
	   6E 64 20 6E 75
	   6D 62 65 72 00
 00000030  00000028 [		string  BYTE    40 DUP (?)
	    00
	   ]
 00000058 54 68 65 20 74	resultLbl BYTE  "The temperature in °C is: ", 0
	   65 6D 70 65 72
	   61 74 75 72 65
	   20 69 6E 20 B0
	   43 20 69 73 3A
	   20 00
 00000073  0000000B [		sum     BYTE    11 DUP (?), 0
	    00
	   ] 00

				; Formula T(°C) = (T(°F) - 32) × 5/9

 00000000			.CODE
 00000000			_MainProc PROC
				        input   prompt1, string, 40      ; read ASCII characters
				        atod    string          ; convert to integer
 0000002D  A3 00000000 R	        mov     number1, eax    ; store in memory

				              ; des  src
 00000032  83 E8 20		        sub     eax, 32
 00000035  A3 00000000 R	        mov     number1, eax 
 0000003A  C7 05 00000000 R	        mov     number1, 5
	   00000005
 00000044  F7 2D 00000000 R	        imul    number1         ; multiply what's in eax 5 with number1 (stores in eax)
 0000004A  C7 05 00000000 R	        mov     number1, 9      ; move 9 to number1 prepping for division
	   00000009
 00000054  F7 3D 00000000 R	        idiv    number1         ; now do division
				            
				        dtoa    sum, eax        ; convert to ASCII characters
				        output  resultLbl, sum          ; output label and sum

 0000008B  B8 00000000		        mov     eax, 0  ; exit with return code 0
 00000090  C3			        ret
 00000091			_MainProc ENDP
				END                             ; end of source code    
Microsoft (R) Macro Assembler Version 14.35.32216.1	    03/31/23 12:10:24
example.asm						     Symbols 2 - 1




Macros:

                N a m e                 Type

atod . . . . . . . . . . . . . .	Proc
atow . . . . . . . . . . . . . .	Proc
dtoa . . . . . . . . . . . . . .	Proc
input  . . . . . . . . . . . . .	Proc
output . . . . . . . . . . . . .	Proc
wtoa . . . . . . . . . . . . . .	Proc


Segments and Groups:

                N a m e                 Size     Length   Align   Combine Class

FLAT . . . . . . . . . . . . . .	GROUP
STACK  . . . . . . . . . . . . .	32 Bit	 00001000 Para	  Stack	  'STACK'	 
_DATA  . . . . . . . . . . . . .	32 Bit	 0000007F Para	  Public  'DATA'	
_TEXT  . . . . . . . . . . . . .	32 Bit	 00000091 Para	  Public  'CODE'	


Procedures, parameters, and locals:

                N a m e                 Type     Value    Attr

_MainProc  . . . . . . . . . . .	P Near	 00000000 _TEXT	Length= 00000091 Public


Symbols:

                N a m e                 Type     Value    Attr

@CodeSize  . . . . . . . . . . .	Number	 00000000h   
@DataSize  . . . . . . . . . . .	Number	 00000000h   
@Interface . . . . . . . . . . .	Number	 00000000h   
@Model . . . . . . . . . . . . .	Number	 00000007h   
@code  . . . . . . . . . . . . .	Text   	 _TEXT
@data  . . . . . . . . . . . . .	Text   	 FLAT
@fardata?  . . . . . . . . . . .	Text   	 FLAT
@fardata . . . . . . . . . . . .	Text   	 FLAT
@stack . . . . . . . . . . . . .	Text   	 FLAT
_getInput  . . . . . . . . . . .	L Near	 00000000 FLAT	External
_showOutput  . . . . . . . . . .	L Near	 00000000 FLAT	External
atodproc . . . . . . . . . . . .	L Near	 00000000 FLAT	External
atowproc . . . . . . . . . . . .	L Near	 00000000 FLAT	External
dtoaproc . . . . . . . . . . . .	L Near	 00000000 FLAT	External
number1  . . . . . . . . . . . .	DWord	 00000000 _DATA	
number2  . . . . . . . . . . . .	DWord	 00000004 _DATA	
prompt1  . . . . . . . . . . . .	Byte	 00000008 _DATA	
prompt2  . . . . . . . . . . . .	Byte	 0000001C _DATA	
resultLbl  . . . . . . . . . . .	Byte	 00000058 _DATA	
string . . . . . . . . . . . . .	Byte	 00000030 _DATA	
sum  . . . . . . . . . . . . . .	Byte	 00000073 _DATA	
wtoaproc . . . . . . . . . . . .	L Near	 00000000 FLAT	External

	   0 Warnings
	   0 Errors
